<?xml version="1.0" encoding="UTF-8"?>
<robot generator="Robot 7.4.1 (Python 3.14.2 on win32)" generated="2026-02-02T17:41:41.822173" rpa="false" schemaversion="5">
<suite id="s1" name="Tests" source="C:\Users\DiogoRangelDosSantos\Projetos\MyProjectPythonRobotFramework\tests">
<suite id="s1-s1" name="Api" source="C:\Users\DiogoRangelDosSantos\Projetos\MyProjectPythonRobotFramework\tests\api">
<suite id="s1-s1-s1" name="1.PlaceHolderTestApi" source="C:\Users\DiogoRangelDosSantos\Projetos\MyProjectPythonRobotFramework\tests\api\1.PlaceHolderTestApi.robot">
<test id="s1-s1-s1-t1" name="Scenario: Validate specific post return via API" line="7">
<kw name="Create API Session" owner="PlaceholderAPI">
<kw name="Create Session" owner="RequestsLibrary">
<msg time="2026-02-02T17:41:41.956031" level="INFO">Creating Session using : alias=api_session, url=https://jsonplaceholder.typicode.com, headers={},                     cookies={}, auth=None, timeout=None, proxies=None, verify=True,                     debug=0 </msg>
<arg>api_session</arg>
<arg>${BASE_URL}</arg>
<arg>verify=True</arg>
<doc>Create Session: create a HTTP session to a server</doc>
<status status="PASS" start="2026-02-02T17:41:41.955736" elapsed="0.000529"/>
</kw>
<status status="PASS" start="2026-02-02T17:41:41.954888" elapsed="0.001471"/>
</kw>
<kw name="Get Post By ID" owner="PlaceholderAPI">
<kw name="GET On Session" owner="RequestsLibrary">
<msg time="2026-02-02T17:41:42.375309" level="INFO">GET Request : url=https://jsonplaceholder.typicode.com/posts/1 
 path_url=/posts/1 
 headers={'User-Agent': 'python-requests/2.32.5', 'Accept-Encoding': 'gzip, deflate, zstd', 'Accept': '*/*', 'Connection': 'keep-alive'} 
 body=None 
 </msg>
<msg time="2026-02-02T17:41:42.375457" level="INFO">GET Response : url=https://jsonplaceholder.typicode.com/posts/1 
 status=200, reason=OK 
 headers={'Date': 'Mon, 02 Feb 2026 20:41:53 GMT', 'Content-Type': 'application/json; charset=utf-8', 'Transfer-Encoding': 'chunked', 'Connection': 'keep-alive', 'access-control-allow-credentials': 'true', 'Cache-Control': 'max-age=43200', 'etag': 'W/"124-yiKdLzqO5gfBrJFrcdJ8Yq0LGnU"', 'expires': '-1', 'nel': '{"report_to":"heroku-nel","response_headers":["Via"],"max_age":3600,"success_fraction":0.01,"failure_fraction":0.1}', 'pragma': 'no-cache', 'report-to': '{"group":"heroku-nel","endpoints":[{"url":"https://nel.heroku.com/reports?s=XFxnTSWOVPFn6n7JoPknSaM7%2Bn%2FcREmo0lvn4Qg3toM%3D\\u0026sid=e11707d5-02a7-43ef-b45e-2cf4d2036f7d\\u0026ts=1759506370"}],"max_age":3600}', 'reporting-endpoints': 'heroku-nel="https://nel.heroku.com/reports?s=XFxnTSWOVPFn6n7JoPknSaM7%2Bn%2FcREmo0lvn4Qg3toM%3D&amp;sid=e11707d5-02a7-43ef-b45e-2cf4d2036f7d&amp;ts=1759506370"', 'Server': 'cloudflare', 'vary': 'Origin, Accept-Encoding', 'via': '2.0 heroku-router', 'x-content-type-options': 'nosniff', 'x-powered-by': 'Express', 'x-ratelimit-limit': '1000', 'x-ratelimit-remaining': '999', 'x-ratelimit-reset': '1759506424', 'Age': '16460', 'cf-cache-status': 'HIT', 'Content-Encoding': 'zstd', 'CF-RAY': '9c7c830dccedf266-GRU', 'alt-svc': 'h3=":443"; ma=86400'} 
 body={
  "userId": 1,
  "id": 1,
  "title": "sunt aut facere repellat provident occaecati excepturi optio reprehenderit",
  "body": "quia et suscipit\nsuscipit recusandae consequuntur expedita et cum\nreprehenderit molestiae ut ut quas totam\nnostrum rerum est autem sunt rem eveniet architecto"
} 
 </msg>
<msg time="2026-02-02T17:41:42.375561" level="INFO">${response} = &lt;Response [200]&gt;</msg>
<var>${response}</var>
<arg>api_session</arg>
<arg>/posts/${post_id}</arg>
<arg>expected_status=any</arg>
<doc>Sends a GET request on a previously created HTTP Session.</doc>
<status status="PASS" start="2026-02-02T17:41:41.956826" elapsed="0.418750"/>
</kw>
<return>
<value>${response}</value>
<status status="PASS" start="2026-02-02T17:41:42.375630" elapsed="0.000038"/>
</return>
<msg time="2026-02-02T17:41:42.375767" level="INFO">${response} = &lt;Response [200]&gt;</msg>
<var>${response}</var>
<arg>1</arg>
<status status="PASS" start="2026-02-02T17:41:41.956642" elapsed="0.419139"/>
</kw>
<kw name="Save API Evidence" owner="TakeEvidenceAPI">
<kw name="Replace String" owner="String">
<msg time="2026-02-02T17:41:42.376721" level="INFO">${test_name_clean} = Scenario:_Validate_specific_post_return_via_API</msg>
<var>${test_name_clean}</var>
<arg>${TEST NAME}</arg>
<arg>${SPACE}</arg>
<arg>_</arg>
<doc>Replaces ``search_for`` in the given ``string`` with ``replace_with``.</doc>
<status status="PASS" start="2026-02-02T17:41:42.376474" elapsed="0.000268"/>
</kw>
<kw name="Create Directory" owner="OperatingSystem">
<msg time="2026-02-02T17:41:42.376968" level="INFO" html="true">Directory '&lt;a href="file://C:\Users\DiogoRangelDosSantos\Projetos\MyProjectPythonRobotFramework\results\evidence"&gt;C:\Users\DiogoRangelDosSantos\Projetos\MyProjectPythonRobotFramework\results\evidence&lt;/a&gt;' already exists.</msg>
<arg>${OUTPUT_DIR}/evidence</arg>
<doc>Creates the specified directory.</doc>
<status status="PASS" start="2026-02-02T17:41:42.376819" elapsed="0.000178"/>
</kw>
<kw name="Set Variable" owner="BuiltIn">
<msg time="2026-02-02T17:41:42.377354" level="INFO">${evidence_path} = C:\Users\DiogoRangelDosSantos\Projetos\MyProjectPythonRobotFramework\results/evidence/api_Scenario:_Validate_specific_post_return_via_API_STEP_1_GET_POST.txt</msg>
<var>${evidence_path}</var>
<arg>${OUTPUT_DIR}/evidence/api_${test_name_clean}_${step_name}.txt</arg>
<doc>Returns the given values which can then be assigned to a variables.</doc>
<status status="PASS" start="2026-02-02T17:41:42.377108" elapsed="0.000263"/>
</kw>
<kw name="Create File" owner="OperatingSystem">
<msg time="2026-02-02T17:41:42.378650" level="INFO" html="true">Created file '&lt;a href="file://C:\Users\DiogoRangelDosSantos\Projetos\MyProjectPythonRobotFramework\results\evidence\api_Scenario:_Validate_specific_post_return_via_API_STEP_1_GET_POST.txt"&gt;C:\Users\DiogoRangelDosSantos\Projetos\MyProjectPythonRobotFramework\results\evidence\api_Scenario:_Validate_specific_post_return_via_API_STEP_1_GET_POST.txt&lt;/a&gt;'.</msg>
<arg>${evidence_path}</arg>
<arg>Status Code: ${response.status_code}\n\nResponse Body:\n${response.text}</arg>
<doc>Creates a file with the given content and encoding.</doc>
<status status="PASS" start="2026-02-02T17:41:42.377436" elapsed="0.001263"/>
</kw>
<kw name="Log" owner="BuiltIn">
<msg time="2026-02-02T17:41:42.378962" level="INFO">Evidence saved at: C:\Users\DiogoRangelDosSantos\Projetos\MyProjectPythonRobotFramework\results/evidence/api_Scenario:_Validate_specific_post_return_via_API_STEP_1_GET_POST.txt</msg>
<arg>Evidence saved at: ${evidence_path}</arg>
<doc>Logs the given message with the given level.</doc>
<status status="PASS" start="2026-02-02T17:41:42.378775" elapsed="0.000213"/>
</kw>
<arg>${response}</arg>
<arg>STEP_1_GET_POST</arg>
<status status="PASS" start="2026-02-02T17:41:42.376172" elapsed="0.002850"/>
</kw>
<kw name="Validate Post Title" owner="PlaceholderAPI">
<kw name="Status Should Be" owner="RequestsLibrary">
<arg>200</arg>
<arg>${response}</arg>
<doc>Fails if response status code is different than the expected.</doc>
<status status="PASS" start="2026-02-02T17:41:42.379737" elapsed="0.000175"/>
</kw>
<kw name="Set Variable" owner="BuiltIn">
<msg time="2026-02-02T17:41:42.380344" level="INFO">${json} = {'userId': 1, 'id': 1, 'title': 'sunt aut facere repellat provident occaecati excepturi optio reprehenderit', 'body': 'quia et suscipit\nsuscipit recusandae consequuntur expedita et cum\nreprehenderit...</msg>
<var>${json}</var>
<arg>${response.json()}</arg>
<doc>Returns the given values which can then be assigned to a variables.</doc>
<status status="PASS" start="2026-02-02T17:41:42.379980" elapsed="0.000382"/>
</kw>
<kw name="Get From Dictionary" owner="Collections">
<msg time="2026-02-02T17:41:42.380517" level="INFO">${actual_title} = sunt aut facere repellat provident occaecati excepturi optio reprehenderit</msg>
<var>${actual_title}</var>
<arg>${json}</arg>
<arg>title</arg>
<doc>Returns a value from the given ``dictionary`` based on the given ``key``.</doc>
<status status="PASS" start="2026-02-02T17:41:42.380427" elapsed="0.000103"/>
</kw>
<kw name="Should Be Equal As Strings" owner="BuiltIn">
<arg>${actual_title}</arg>
<arg>${expected_title}</arg>
<doc>Fails if objects are unequal after converting them to strings.</doc>
<status status="PASS" start="2026-02-02T17:41:42.380595" elapsed="0.000167"/>
</kw>
<arg>${response}</arg>
<arg>sunt aut facere repellat provident occaecati excepturi optio reprehenderit</arg>
<status status="PASS" start="2026-02-02T17:41:42.379429" elapsed="0.001364"/>
</kw>
<kw name="Save API Evidence" owner="TakeEvidenceAPI">
<kw name="Replace String" owner="String">
<msg time="2026-02-02T17:41:42.381237" level="INFO">${test_name_clean} = Scenario:_Validate_specific_post_return_via_API</msg>
<var>${test_name_clean}</var>
<arg>${TEST NAME}</arg>
<arg>${SPACE}</arg>
<arg>_</arg>
<doc>Replaces ``search_for`` in the given ``string`` with ``replace_with``.</doc>
<status status="PASS" start="2026-02-02T17:41:42.381126" elapsed="0.000124"/>
</kw>
<kw name="Create Directory" owner="OperatingSystem">
<msg time="2026-02-02T17:41:42.381402" level="INFO" html="true">Directory '&lt;a href="file://C:\Users\DiogoRangelDosSantos\Projetos\MyProjectPythonRobotFramework\results\evidence"&gt;C:\Users\DiogoRangelDosSantos\Projetos\MyProjectPythonRobotFramework\results\evidence&lt;/a&gt;' already exists.</msg>
<arg>${OUTPUT_DIR}/evidence</arg>
<doc>Creates the specified directory.</doc>
<status status="PASS" start="2026-02-02T17:41:42.381301" elapsed="0.000129"/>
</kw>
<kw name="Set Variable" owner="BuiltIn">
<msg time="2026-02-02T17:41:42.381667" level="INFO">${evidence_path} = C:\Users\DiogoRangelDosSantos\Projetos\MyProjectPythonRobotFramework\results/evidence/api_Scenario:_Validate_specific_post_return_via_API_STEP_1_POST_TITLE_VALIDATED.txt</msg>
<var>${evidence_path}</var>
<arg>${OUTPUT_DIR}/evidence/api_${test_name_clean}_${step_name}.txt</arg>
<doc>Returns the given values which can then be assigned to a variables.</doc>
<status status="PASS" start="2026-02-02T17:41:42.381485" elapsed="0.000195"/>
</kw>
<kw name="Create File" owner="OperatingSystem">
<msg time="2026-02-02T17:41:42.382699" level="INFO" html="true">Created file '&lt;a href="file://C:\Users\DiogoRangelDosSantos\Projetos\MyProjectPythonRobotFramework\results\evidence\api_Scenario:_Validate_specific_post_return_via_API_STEP_1_POST_TITLE_VALIDATED.txt"&gt;C:\Users\DiogoRangelDosSantos\Projetos\MyProjectPythonRobotFramework\results\evidence\api_Scenario:_Validate_specific_post_return_via_API_STEP_1_POST_TITLE_VALIDATED.txt&lt;/a&gt;'.</msg>
<arg>${evidence_path}</arg>
<arg>Status Code: ${response.status_code}\n\nResponse Body:\n${response.text}</arg>
<doc>Creates a file with the given content and encoding.</doc>
<status status="PASS" start="2026-02-02T17:41:42.381729" elapsed="0.001023"/>
</kw>
<kw name="Log" owner="BuiltIn">
<msg time="2026-02-02T17:41:42.382998" level="INFO">Evidence saved at: C:\Users\DiogoRangelDosSantos\Projetos\MyProjectPythonRobotFramework\results/evidence/api_Scenario:_Validate_specific_post_return_via_API_STEP_1_POST_TITLE_VALIDATED.txt</msg>
<arg>Evidence saved at: ${evidence_path}</arg>
<doc>Logs the given message with the given level.</doc>
<status status="PASS" start="2026-02-02T17:41:42.382833" elapsed="0.000191"/>
</kw>
<arg>${response}</arg>
<arg>STEP_1_POST_TITLE_VALIDATED</arg>
<status status="PASS" start="2026-02-02T17:41:42.380979" elapsed="0.002078"/>
</kw>
<kw name="Saving API Evidence" owner="TakeEvidenceAPI">
<kw name="Save API Evidence" owner="TakeEvidenceAPI">
<kw name="Replace String" owner="String">
<msg time="2026-02-02T17:41:42.383882" level="INFO">${test_name_clean} = Scenario:_Validate_specific_post_return_via_API</msg>
<var>${test_name_clean}</var>
<arg>${TEST NAME}</arg>
<arg>${SPACE}</arg>
<arg>_</arg>
<doc>Replaces ``search_for`` in the given ``string`` with ``replace_with``.</doc>
<status status="PASS" start="2026-02-02T17:41:42.383678" elapsed="0.000225"/>
</kw>
<kw name="Create Directory" owner="OperatingSystem">
<msg time="2026-02-02T17:41:42.384299" level="INFO" html="true">Directory '&lt;a href="file://C:\Users\DiogoRangelDosSantos\Projetos\MyProjectPythonRobotFramework\results\evidence"&gt;C:\Users\DiogoRangelDosSantos\Projetos\MyProjectPythonRobotFramework\results\evidence&lt;/a&gt;' already exists.</msg>
<arg>${OUTPUT_DIR}/evidence</arg>
<doc>Creates the specified directory.</doc>
<status status="PASS" start="2026-02-02T17:41:42.383969" elapsed="0.000374"/>
</kw>
<kw name="Set Variable" owner="BuiltIn">
<msg time="2026-02-02T17:41:42.384632" level="INFO">${evidence_path} = C:\Users\DiogoRangelDosSantos\Projetos\MyProjectPythonRobotFramework\results/evidence/api_Scenario:_Validate_specific_post_return_via_API_FINAL_STATE.txt</msg>
<var>${evidence_path}</var>
<arg>${OUTPUT_DIR}/evidence/api_${test_name_clean}_${step_name}.txt</arg>
<doc>Returns the given values which can then be assigned to a variables.</doc>
<status status="PASS" start="2026-02-02T17:41:42.384429" elapsed="0.000218"/>
</kw>
<kw name="Create File" owner="OperatingSystem">
<msg time="2026-02-02T17:41:42.386076" level="INFO" html="true">Created file '&lt;a href="file://C:\Users\DiogoRangelDosSantos\Projetos\MyProjectPythonRobotFramework\results\evidence\api_Scenario:_Validate_specific_post_return_via_API_FINAL_STATE.txt"&gt;C:\Users\DiogoRangelDosSantos\Projetos\MyProjectPythonRobotFramework\results\evidence\api_Scenario:_Validate_specific_post_return_via_API_FINAL_STATE.txt&lt;/a&gt;'.</msg>
<arg>${evidence_path}</arg>
<arg>Status Code: ${response.status_code}\n\nResponse Body:\n${response.text}</arg>
<doc>Creates a file with the given content and encoding.</doc>
<status status="PASS" start="2026-02-02T17:41:42.384703" elapsed="0.001451"/>
</kw>
<kw name="Log" owner="BuiltIn">
<msg time="2026-02-02T17:41:42.386639" level="INFO">Evidence saved at: C:\Users\DiogoRangelDosSantos\Projetos\MyProjectPythonRobotFramework\results/evidence/api_Scenario:_Validate_specific_post_return_via_API_FINAL_STATE.txt</msg>
<arg>Evidence saved at: ${evidence_path}</arg>
<doc>Logs the given message with the given level.</doc>
<status status="PASS" start="2026-02-02T17:41:42.386353" elapsed="0.000338"/>
</kw>
<arg>${response}</arg>
<arg>${step_name}</arg>
<status status="PASS" start="2026-02-02T17:41:42.383482" elapsed="0.003259"/>
</kw>
<arg>${response}</arg>
<arg>FINAL_STATE</arg>
<status status="PASS" start="2026-02-02T17:41:42.383196" elapsed="0.003573"/>
</kw>
<status status="PASS" start="2026-02-02T17:41:41.954277" elapsed="0.432653"/>
</test>
<status status="PASS" start="2026-02-02T17:41:41.861281" elapsed="0.526105"/>
</suite>
<status status="PASS" start="2026-02-02T17:41:41.859316" elapsed="0.528891"/>
</suite>
<suite id="s1-s2" name="Web" source="C:\Users\DiogoRangelDosSantos\Projetos\MyProjectPythonRobotFramework\tests\web">
<suite id="s1-s2-s1" name="1.LoginTestWeb" source="C:\Users\DiogoRangelDosSantos\Projetos\MyProjectPythonRobotFramework\tests\web\1.LoginTestWeb.robot">
<test id="s1-s2-s1-t1" name="Scenario: Successful login on SauceDemo" line="12">
<kw name="Open Browser" owner="SeleniumLibrary" type="SETUP">
<msg time="2026-02-02T17:41:42.576343" level="INFO">Opening browser 'chrome' to base url 'https://www.saucedemo.com/'.</msg>
<arg>${URL}</arg>
<arg>${BROWSER}</arg>
<doc>Opens a new browser instance to the optional ``url``.</doc>
<status status="PASS" start="2026-02-02T17:41:42.576105" elapsed="1.930206"/>
</kw>
<kw name="Take Evidence" owner="TakeEvidenceWeb">
<kw name="Replace String" owner="String">
<msg time="2026-02-02T17:41:44.508874" level="INFO">${test_name_clean} = Scenario:_Successful_login_on_SauceDemo</msg>
<var>${test_name_clean}</var>
<arg>${TEST NAME}</arg>
<arg>${SPACE}</arg>
<arg>_</arg>
<doc>Replaces ``search_for`` in the given ``string`` with ``replace_with``.</doc>
<status status="PASS" start="2026-02-02T17:41:44.508237" elapsed="0.000714"/>
</kw>
<kw name="Create Directory" owner="OperatingSystem">
<msg time="2026-02-02T17:41:44.509557" level="INFO" html="true">Directory '&lt;a href="file://C:\Users\DiogoRangelDosSantos\Projetos\MyProjectPythonRobotFramework\results\results"&gt;C:\Users\DiogoRangelDosSantos\Projetos\MyProjectPythonRobotFramework\results\results&lt;/a&gt;' already exists.</msg>
<arg>${OUTPUT_DIR}/results</arg>
<doc>Creates the specified directory.</doc>
<status status="PASS" start="2026-02-02T17:41:44.509282" elapsed="0.000625"/>
</kw>
<kw name="Capture Page Screenshot" owner="SeleniumLibrary">
<msg time="2026-02-02T17:41:44.585812" level="INFO" html="true">&lt;/td&gt;&lt;/tr&gt;&lt;tr&gt;&lt;td colspan="3"&gt;&lt;a href="results/web_Scenario%3A_Successful_login_on_SauceDemo_BEFORE_LOGIN.png"&gt;&lt;img src="results/web_Scenario%3A_Successful_login_on_SauceDemo_BEFORE_LOGIN.png" width="800px"&gt;&lt;/a&gt;</msg>
<arg>filename=results/web_${test_name_clean}_${step_name}.png</arg>
<doc>Takes a screenshot of the current page and embeds it into a log file.</doc>
<status status="PASS" start="2026-02-02T17:41:44.510220" elapsed="0.075718"/>
</kw>
<arg>BEFORE_LOGIN</arg>
<status status="PASS" start="2026-02-02T17:41:44.507301" elapsed="0.078794"/>
</kw>
<kw name="Login With Credentials" owner="LoginPage">
<kw name="Input Text" owner="SeleniumLibrary">
<msg time="2026-02-02T17:41:44.587320" level="INFO">Typing text 'standard_user' into text field 'id:user-name'.</msg>
<arg>${LOGIN_USER_INPUT}</arg>
<arg>${username}</arg>
<doc>Types the given ``text`` into the text field identified by ``locator``.</doc>
<status status="PASS" start="2026-02-02T17:41:44.586792" elapsed="0.116554"/>
</kw>
<kw name="Input Password" owner="SeleniumLibrary">
<msg time="2026-02-02T17:41:44.703872" level="INFO">Typing password into text field 'id:password'.</msg>
<msg time="2026-02-02T17:41:44.734753" level="INFO">Temporally setting log level to: NONE</msg>
<arg>${LOGIN_PASS_INPUT}</arg>
<arg>${password}</arg>
<doc>Types the given password into the text field identified by ``locator``.</doc>
<status status="PASS" start="2026-02-02T17:41:44.703514" elapsed="0.112612"/>
</kw>
<kw name="Click Button" owner="SeleniumLibrary">
<msg time="2026-02-02T17:41:44.816540" level="INFO">Clicking button 'id:login-button'.</msg>
<arg>${LOGIN_BUTTON}</arg>
<doc>Clicks the button identified by ``locator``.</doc>
<status status="PASS" start="2026-02-02T17:41:44.816320" elapsed="0.125535"/>
</kw>
<arg>standard_user</arg>
<arg>secret_sauce</arg>
<status status="PASS" start="2026-02-02T17:41:44.586473" elapsed="0.355515"/>
</kw>
<kw name="Take Evidence" owner="TakeEvidenceWeb">
<kw name="Replace String" owner="String">
<msg time="2026-02-02T17:41:44.943134" level="INFO">${test_name_clean} = Scenario:_Successful_login_on_SauceDemo</msg>
<var>${test_name_clean}</var>
<arg>${TEST NAME}</arg>
<arg>${SPACE}</arg>
<arg>_</arg>
<doc>Replaces ``search_for`` in the given ``string`` with ``replace_with``.</doc>
<status status="PASS" start="2026-02-02T17:41:44.942799" elapsed="0.000380"/>
</kw>
<kw name="Create Directory" owner="OperatingSystem">
<msg time="2026-02-02T17:41:44.943578" level="INFO" html="true">Directory '&lt;a href="file://C:\Users\DiogoRangelDosSantos\Projetos\MyProjectPythonRobotFramework\results\results"&gt;C:\Users\DiogoRangelDosSantos\Projetos\MyProjectPythonRobotFramework\results\results&lt;/a&gt;' already exists.</msg>
<arg>${OUTPUT_DIR}/results</arg>
<doc>Creates the specified directory.</doc>
<status status="PASS" start="2026-02-02T17:41:44.943328" elapsed="0.000327"/>
</kw>
<kw name="Capture Page Screenshot" owner="SeleniumLibrary">
<msg time="2026-02-02T17:41:45.070934" level="INFO" html="true">&lt;/td&gt;&lt;/tr&gt;&lt;tr&gt;&lt;td colspan="3"&gt;&lt;a href="results/web_Scenario%3A_Successful_login_on_SauceDemo_AFTER_LOGIN.png"&gt;&lt;img src="results/web_Scenario%3A_Successful_login_on_SauceDemo_AFTER_LOGIN.png" width="800px"&gt;&lt;/a&gt;</msg>
<arg>filename=results/web_${test_name_clean}_${step_name}.png</arg>
<doc>Takes a screenshot of the current page and embeds it into a log file.</doc>
<status status="PASS" start="2026-02-02T17:41:44.943814" elapsed="0.127204"/>
</kw>
<arg>AFTER_LOGIN</arg>
<status status="PASS" start="2026-02-02T17:41:44.942420" elapsed="0.128667"/>
</kw>
<kw name="Verify Success Login" owner="LoginPage">
<kw name="Element Should Be Visible" owner="SeleniumLibrary">
<msg time="2026-02-02T17:41:45.091492" level="INFO">Element 'class:title' is displayed.</msg>
<arg>${HEADER_TITLE}</arg>
<doc>Verifies that the element identified by ``locator`` is visible.</doc>
<status status="PASS" start="2026-02-02T17:41:45.071601" elapsed="0.019998"/>
</kw>
<kw name="Element Text Should Be" owner="SeleniumLibrary">
<msg time="2026-02-02T17:41:45.092063" level="INFO">Verifying element 'class:title' contains exact text 'Products'.</msg>
<arg>${HEADER_TITLE}</arg>
<arg>Products</arg>
<doc>Verifies that element ``locator`` contains exact the text ``expected``.</doc>
<status status="PASS" start="2026-02-02T17:41:45.091785" elapsed="0.014932"/>
</kw>
<status status="PASS" start="2026-02-02T17:41:45.071386" elapsed="0.035459"/>
</kw>
<kw name="Take Evidence" owner="TakeEvidenceWeb">
<kw name="Replace String" owner="String">
<msg time="2026-02-02T17:41:45.107946" level="INFO">${test_name_clean} = Scenario:_Successful_login_on_SauceDemo</msg>
<var>${test_name_clean}</var>
<arg>${TEST NAME}</arg>
<arg>${SPACE}</arg>
<arg>_</arg>
<doc>Replaces ``search_for`` in the given ``string`` with ``replace_with``.</doc>
<status status="PASS" start="2026-02-02T17:41:45.107633" elapsed="0.000363"/>
</kw>
<kw name="Create Directory" owner="OperatingSystem">
<msg time="2026-02-02T17:41:45.108340" level="INFO" html="true">Directory '&lt;a href="file://C:\Users\DiogoRangelDosSantos\Projetos\MyProjectPythonRobotFramework\results\results"&gt;C:\Users\DiogoRangelDosSantos\Projetos\MyProjectPythonRobotFramework\results\results&lt;/a&gt;' already exists.</msg>
<arg>${OUTPUT_DIR}/results</arg>
<doc>Creates the specified directory.</doc>
<status status="PASS" start="2026-02-02T17:41:45.108146" elapsed="0.000250"/>
</kw>
<kw name="Capture Page Screenshot" owner="SeleniumLibrary">
<msg time="2026-02-02T17:41:45.207993" level="INFO" html="true">&lt;/td&gt;&lt;/tr&gt;&lt;tr&gt;&lt;td colspan="3"&gt;&lt;a href="results/web_Scenario%3A_Successful_login_on_SauceDemo_AFTER_VERIFICATION.png"&gt;&lt;img src="results/web_Scenario%3A_Successful_login_on_SauceDemo_AFTER_VERIFICATION.png" width="800px"&gt;&lt;/a&gt;</msg>
<arg>filename=results/web_${test_name_clean}_${step_name}.png</arg>
<doc>Takes a screenshot of the current page and embeds it into a log file.</doc>
<status status="PASS" start="2026-02-02T17:41:45.108506" elapsed="0.099560"/>
</kw>
<arg>AFTER_VERIFICATION</arg>
<status status="PASS" start="2026-02-02T17:41:45.107214" elapsed="0.100916"/>
</kw>
<kw name="Taking Evidence Web Test" owner="TakeEvidenceWeb" type="TEARDOWN">
<kw name="Take Evidence" owner="TakeEvidenceWeb">
<kw name="Replace String" owner="String">
<msg time="2026-02-02T17:41:45.209016" level="INFO">${test_name_clean} = Scenario:_Successful_login_on_SauceDemo</msg>
<var>${test_name_clean}</var>
<arg>${TEST NAME}</arg>
<arg>${SPACE}</arg>
<arg>_</arg>
<doc>Replaces ``search_for`` in the given ``string`` with ``replace_with``.</doc>
<status status="PASS" start="2026-02-02T17:41:45.208880" elapsed="0.000154"/>
</kw>
<kw name="Create Directory" owner="OperatingSystem">
<msg time="2026-02-02T17:41:45.209195" level="INFO" html="true">Directory '&lt;a href="file://C:\Users\DiogoRangelDosSantos\Projetos\MyProjectPythonRobotFramework\results\results"&gt;C:\Users\DiogoRangelDosSantos\Projetos\MyProjectPythonRobotFramework\results\results&lt;/a&gt;' already exists.</msg>
<arg>${OUTPUT_DIR}/results</arg>
<doc>Creates the specified directory.</doc>
<status status="PASS" start="2026-02-02T17:41:45.209096" elapsed="0.000128"/>
</kw>
<kw name="Capture Page Screenshot" owner="SeleniumLibrary">
<msg time="2026-02-02T17:41:45.294678" level="INFO" html="true">&lt;/td&gt;&lt;/tr&gt;&lt;tr&gt;&lt;td colspan="3"&gt;&lt;a href="results/web_Scenario%3A_Successful_login_on_SauceDemo_FINAL_STATE.png"&gt;&lt;img src="results/web_Scenario%3A_Successful_login_on_SauceDemo_FINAL_STATE.png" width="800px"&gt;&lt;/a&gt;</msg>
<arg>filename=results/web_${test_name_clean}_${step_name}.png</arg>
<doc>Takes a screenshot of the current page and embeds it into a log file.</doc>
<status status="PASS" start="2026-02-02T17:41:45.209289" elapsed="0.085503"/>
</kw>
<arg>FINAL_STATE</arg>
<status status="PASS" start="2026-02-02T17:41:45.208731" elapsed="0.086150"/>
</kw>
<kw name="Close Browser" owner="SeleniumLibrary">
<doc>Closes the current browser.</doc>
<status status="PASS" start="2026-02-02T17:41:45.294980" elapsed="2.263991"/>
</kw>
<status status="PASS" start="2026-02-02T17:41:45.208516" elapsed="2.350595"/>
</kw>
<status status="PASS" start="2026-02-02T17:41:42.575352" elapsed="4.983957"/>
</test>
<status status="PASS" start="2026-02-02T17:41:42.391119" elapsed="5.168869"/>
</suite>
<status status="PASS" start="2026-02-02T17:41:42.389248" elapsed="5.171573"/>
</suite>
<status status="PASS" start="2026-02-02T17:41:41.823999" elapsed="5.737466"/>
</suite>
<statistics>
<total>
<stat pass="2" fail="0" skip="0">All Tests</stat>
</total>
<tag>
</tag>
<suite>
<stat name="Tests" id="s1" pass="2" fail="0" skip="0">Tests</stat>
<stat name="Api" id="s1-s1" pass="1" fail="0" skip="0">Tests.Api</stat>
<stat name="1.PlaceHolderTestApi" id="s1-s1-s1" pass="1" fail="0" skip="0">Tests.Api.1.PlaceHolderTestApi</stat>
<stat name="Web" id="s1-s2" pass="1" fail="0" skip="0">Tests.Web</stat>
<stat name="1.LoginTestWeb" id="s1-s2-s1" pass="1" fail="0" skip="0">Tests.Web.1.LoginTestWeb</stat>
</suite>
</statistics>
<errors>
</errors>
</robot>
